  test02.cpp
D:\c++\test_12_6\test02.cpp(8,23): error C2143: 语法错误: 缺少“)”(在“++”的前面)
D:\c++\test_12_6\test02.cpp(8,23): error C2059: 语法错误:“;”
D:\c++\test_12_6\test02.cpp(8,26): error C2059: 语法错误:“)”
D:\c++\test_12_6\test02.cpp(9,9): error C2062: 意外的类型“int”
D:\c++\test_12_6\test02.cpp(10,44): error C2065: “bSquared”: 未声明的标识符
D:\c++\test_12_6\test02.cpp(11,22): error C2065: “bSquared”: 未声明的标识符
D:\c++\test_12_6\test02.cpp(12,26): error C2065: “a”: 未声明的标识符
D:\c++\test_12_6\test02.cpp(16,5): error C2059: 语法错误:“return”
D:\c++\test_12_6\test02.cpp(17,1): error C2059: 语法错误:“}”
D:\c++\test_12_6\test02.cpp(17,1): error C2143: 语法错误: 缺少“;”(在“}”的前面)
